<?xml version="1.0" encoding="UTF-8"?>
<!-- Generated by org.testng.reporters.JUnitReportReporter -->
<testsuite hostname="Rog_Hasitha" failures="5" tests="8" name="runner.TestRunner" time="22.165" errors="0" timestamp="2025-01-02T12:59:25 IST" skipped="0">
  <testcase classname="runner.TestRunner" name="runScenario" time="3.002"/>
  <system-out/>
  <testcase classname="runner.TestRunner" name="runScenario" time="2.697">
    <failure message="Status code mismatch! expected [401] but found [200]" type="java.lang.AssertionError">
      <![CDATA[java.lang.AssertionError: Status code mismatch! expected [401] but found [200]
at org.testng.Assert.fail(Assert.java:110)
at org.testng.Assert.failNotEquals(Assert.java:1577)
at org.testng.Assert.assertEqualsImpl(Assert.java:149)
at org.testng.Assert.assertEquals(Assert.java:131)
at org.testng.Assert.assertEquals(Assert.java:1418)
at org.testng.Assert.assertEquals(Assert.java:1382)
at org.example.stepdefs.GetAllBooksAPIStepDef.theAPIResponseShouldReturnStatusCode(GetAllBooksAPIStepDef.java:129)
at ✽.the get all books API response should return status code 401(file:///D:/UOM/L4S1%20academic/ITQA/ITQA-Group-5/APITesting/src/test/resources/features/get_all_books.feature:34)
]]>
    </failure>
  </testcase> <!-- runScenario -->
  <system-out/>
  <testcase classname="runner.TestRunner" name="runScenario" time="2.676"/>
  <system-out/>
  <testcase classname="runner.TestRunner" name="runScenario" time="3.002"/>
  <system-out/>
  <testcase classname="runner.TestRunner" name="runScenario" time="2.695">
    <failure message="Status code mismatch! expected [401] but found [200]" type="java.lang.AssertionError">
      <![CDATA[java.lang.AssertionError: Status code mismatch! expected [401] but found [200]
at org.testng.Assert.fail(Assert.java:110)
at org.testng.Assert.failNotEquals(Assert.java:1577)
at org.testng.Assert.assertEqualsImpl(Assert.java:149)
at org.testng.Assert.assertEquals(Assert.java:131)
at org.testng.Assert.assertEquals(Assert.java:1418)
at org.testng.Assert.assertEquals(Assert.java:1382)
at org.example.stepdefs.GetAllBooksAPIStepDef.theAPIResponseShouldReturnStatusCode(GetAllBooksAPIStepDef.java:129)
at ✽.the get all books API response should return status code 401(file:///D:/UOM/L4S1%20academic/ITQA/ITQA-Group-5/APITesting/src/test/resources/features/get_all_books.feature:39)
]]>
    </failure>
  </testcase> <!-- runScenario -->
  <system-out/>
  <testcase classname="runner.TestRunner" name="runScenario" time="2.698">
    <failure message="Status code mismatch! expected [401] but found [200]" type="java.lang.AssertionError">
      <![CDATA[java.lang.AssertionError: Status code mismatch! expected [401] but found [200]
at org.testng.Assert.fail(Assert.java:110)
at org.testng.Assert.failNotEquals(Assert.java:1577)
at org.testng.Assert.assertEqualsImpl(Assert.java:149)
at org.testng.Assert.assertEquals(Assert.java:131)
at org.testng.Assert.assertEquals(Assert.java:1418)
at org.testng.Assert.assertEquals(Assert.java:1382)
at org.example.stepdefs.GetAllBooksAPIStepDef.theAPIResponseShouldReturnStatusCode(GetAllBooksAPIStepDef.java:129)
at ✽.the get all books API response should return status code 401(file:///D:/UOM/L4S1%20academic/ITQA/ITQA-Group-5/APITesting/src/test/resources/features/get_all_books.feature:29)
]]>
    </failure>
  </testcase> <!-- runScenario -->
  <system-out/>
  <testcase classname="runner.TestRunner" name="runScenario" time="2.698">
    <failure message="Status code mismatch! expected [401] but found [200]" type="java.lang.AssertionError">
      <![CDATA[java.lang.AssertionError: Status code mismatch! expected [401] but found [200]
at org.testng.Assert.fail(Assert.java:110)
at org.testng.Assert.failNotEquals(Assert.java:1577)
at org.testng.Assert.assertEqualsImpl(Assert.java:149)
at org.testng.Assert.assertEquals(Assert.java:131)
at org.testng.Assert.assertEquals(Assert.java:1418)
at org.testng.Assert.assertEquals(Assert.java:1382)
at org.example.stepdefs.GetAllBooksAPIStepDef.theAPIResponseShouldReturnStatusCode(GetAllBooksAPIStepDef.java:129)
at ✽.the get all books API response should return status code 401(file:///D:/UOM/L4S1%20academic/ITQA/ITQA-Group-5/APITesting/src/test/resources/features/get_all_books.feature:19)
]]>
    </failure>
  </testcase> <!-- runScenario -->
  <system-out/>
  <testcase classname="runner.TestRunner" name="runScenario" time="2.697">
    <failure message="Status code mismatch! expected [401] but found [200]" type="java.lang.AssertionError">
      <![CDATA[java.lang.AssertionError: Status code mismatch! expected [401] but found [200]
at org.testng.Assert.fail(Assert.java:110)
at org.testng.Assert.failNotEquals(Assert.java:1577)
at org.testng.Assert.assertEqualsImpl(Assert.java:149)
at org.testng.Assert.assertEquals(Assert.java:131)
at org.testng.Assert.assertEquals(Assert.java:1418)
at org.testng.Assert.assertEquals(Assert.java:1382)
at org.example.stepdefs.GetAllBooksAPIStepDef.theAPIResponseShouldReturnStatusCode(GetAllBooksAPIStepDef.java:129)
at ✽.the get all books API response should return status code 401(file:///D:/UOM/L4S1%20academic/ITQA/ITQA-Group-5/APITesting/src/test/resources/features/get_all_books.feature:24)
]]>
    </failure>
  </testcase> <!-- runScenario -->
  <system-out/>
</testsuite> <!-- runner.TestRunner -->
