<?xml version="1.0" encoding="UTF-8"?>
<!-- Generated by org.testng.reporters.JUnitReportReporter -->
<testsuite hostname="Rog_Hasitha" failures="0" tests="8" name="runner.TestRunner" time="1.696" errors="0" timestamp="2024-12-28T15:29:29 IST" skipped="0">
  <testcase classname="runner.TestRunner" name="runScenario" time="0.214"/>
  <system-out/>
  <testcase classname="runner.TestRunner" name="runScenario" time="0.211"/>
  <system-out/>
  <testcase classname="runner.TestRunner" name="runScenario" time="0.213"/>
  <system-out/>
  <testcase classname="runner.TestRunner" name="runScenario" time="0.212"/>
  <system-out/>
  <testcase classname="runner.TestRunner" name="runScenario" time="0.213"/>
  <system-out/>
  <testcase classname="runner.TestRunner" name="runScenario" time="0.213"/>
  <system-out/>
  <testcase classname="runner.TestRunner" name="runScenario" time="0.210"/>
  <system-out/>
  <testcase classname="runner.TestRunner" name="runScenario" time="0.210"/>
  <system-out/>
</testsuite> <!-- runner.TestRunner -->
